<?xml version="1.0" encoding="utf-8"?><testsuites name="pytest tests"><testsuite name="pytest" errors="0" failures="0" skipped="0" tests="16" time="1.565" timestamp="2026-03-20T00:02:01.696438+00:00" hostname="agent-env-e3598b86-e5c3-4199-bdd0-c0d493767388"><testcase classname="backend.tests.test_simulator_mechanic.TestPublicNCMList" name="test_ncm_list_no_auth_returns_200" time="0.184" /><testcase classname="backend.tests.test_simulator_mechanic.TestPublicNCMList" name="test_ncm_list_returns_data_array" time="0.068" /><testcase classname="backend.tests.test_simulator_mechanic.TestPublicNCMList" name="test_ncm_list_item_structure" time="0.070" /><testcase classname="backend.tests.test_simulator_mechanic.TestPublicSimulate" name="test_simulate_no_auth_returns_200" time="0.065" /><testcase classname="backend.tests.test_simulator_mechanic.TestPublicSimulate" name="test_simulate_cesta_basica_zero_tax" time="0.065" /><testcase classname="backend.tests.test_simulator_mechanic.TestPublicSimulate" name="test_simulate_standard_ncm_84715010" time="0.066" /><testcase classname="backend.tests.test_simulator_mechanic.TestPublicSimulate" name="test_simulate_cerveja_selective_tax" time="0.064" /><testcase classname="backend.tests.test_simulator_mechanic.TestPublicSimulate" name="test_simulate_invalid_ncm_returns_error" time="0.065" /><testcase classname="backend.tests.test_simulator_mechanic.TestPublicSimulate" name="test_simulate_response_structure" time="0.061" /><testcase classname="backend.tests.test_simulator_mechanic.TestMechanicOS" name="test_list_os_authenticated" time="0.294" /><testcase classname="backend.tests.test_simulator_mechanic.TestMechanicOS" name="test_create_os_and_verify_in_list" time="0.158" /><testcase classname="backend.tests.test_simulator_mechanic.TestMechanicOS" name="test_os_response_snake_case" time="0.080" /><testcase classname="backend.tests.test_simulator_mechanic.TestAuthProtection" name="test_tax_calculate_requires_auth" time="0.066" /><testcase classname="backend.tests.test_simulator_mechanic.TestAuthProtection" name="test_mechanic_os_requires_auth" time="0.065" /><testcase classname="backend.tests.test_simulator_mechanic.TestAuthProtection" name="test_public_simulate_no_auth" time="0.068" /><testcase classname="backend.tests.test_simulator_mechanic.TestAuthProtection" name="test_public_ncm_list_no_auth" time="0.066" /></testsuite></testsuites>