<?xml version="1.0" encoding="utf-8"?><testsuites name="pytest tests"><testsuite name="pytest" errors="0" failures="0" skipped="0" tests="17" time="5.240" timestamp="2026-03-20T03:18:46.079431+00:00" hostname="agent-env-ae9cd2b2-cc0e-4aa9-9fd2-4a1be60e948c"><testcase classname="backend.tests.test_nexo_phase4.TestAuth" name="test_login_returns_access_token" time="0.099" /><testcase classname="backend.tests.test_nexo_phase4.TestAuth" name="test_login_invalid_credentials" time="0.024" /><testcase classname="backend.tests.test_nexo_phase4.TestNFE" name="test_nfe_list_returns_seeded_docs" time="0.115" /><testcase classname="backend.tests.test_nexo_phase4.TestNFE" name="test_nfe_emit_creates_authorized_doc" time="0.022" /><testcase classname="backend.tests.test_nexo_phase4.TestNFE" name="test_nfe_cancel_authorized_doc" time="0.022" /><testcase classname="backend.tests.test_nexo_phase4.TestIndustry" name="test_industry_orders_list" time="0.022" /><testcase classname="backend.tests.test_nexo_phase4.TestIndustry" name="test_industry_order_detail" time="0.027" /><testcase classname="backend.tests.test_nexo_phase4.TestIndustry" name="test_industry_boms_list" time="0.022" /><testcase classname="backend.tests.test_nexo_phase4.TestIndustry" name="test_industry_materials_list" time="0.027" /><testcase classname="backend.tests.test_nexo_phase4.TestIndustry" name="test_industry_create_order" time="0.023" /><testcase classname="backend.tests.test_nexo_phase4.TestIndustry" name="test_industry_bom_explode" time="0.026" /><testcase classname="backend.tests.test_nexo_phase4.TestShoes" name="test_shoes_grids_list" time="0.022" /><testcase classname="backend.tests.test_nexo_phase4.TestShoes" name="test_shoes_grid_detail" time="0.022" /><testcase classname="backend.tests.test_nexo_phase4.TestShoes" name="test_shoes_stock_update" time="0.022" /><testcase classname="backend.tests.test_nexo_phase4.TestShoes" name="test_shoes_commissions" time="0.026" /><testcase classname="backend.tests.test_nexo_phase4.TestCopilot" name="test_copilot_suggest" time="4.632" /><testcase classname="backend.tests.test_nexo_phase4.TestCopilot" name="test_copilot_unauthorized" time="0.002" /></testsuite></testsuites>