<?xml version="1.0" encoding="utf-8"?><testsuites name="pytest tests"><testsuite name="pytest" errors="0" failures="0" skipped="0" tests="29" time="5.872" timestamp="2026-03-20T00:35:56.750512+00:00" hostname="agent-env-9de58f70-433b-40d8-b73b-57e56bde4876"><testcase classname="backend.tests.test_nexo_phase1.TestHealth" name="test_health_endpoint" time="0.262" /><testcase classname="backend.tests.test_nexo_phase1.TestAuth" name="test_login_success" time="0.231" /><testcase classname="backend.tests.test_nexo_phase1.TestAuth" name="test_login_invalid_credentials" time="0.131" /><testcase classname="backend.tests.test_nexo_phase1.TestAuth" name="test_login_missing_tenant" time="0.224" /><testcase classname="backend.tests.test_nexo_phase1.TestPublicTaxSimulator" name="test_ncm_list_no_auth" time="0.121" /><testcase classname="backend.tests.test_nexo_phase1.TestPublicTaxSimulator" name="test_simulate_cesta_basica" time="0.165" /><testcase classname="backend.tests.test_nexo_phase1.TestPublicTaxSimulator" name="test_simulate_standard_item" time="0.179" /><testcase classname="backend.tests.test_nexo_phase1.TestPublicTaxSimulator" name="test_simulate_seletivo_item" time="0.117" /><testcase classname="backend.tests.test_nexo_phase1.TestPublicTaxSimulator" name="test_simulate_credit_entry" time="0.120" /><testcase classname="backend.tests.test_nexo_phase1.TestPublicTaxSimulator" name="test_simulate_invalid_ncm" time="0.129" /><testcase classname="backend.tests.test_nexo_phase1.TestDashboard" name="test_dashboard_requires_auth" time="0.132" /><testcase classname="backend.tests.test_nexo_phase1.TestDashboard" name="test_dashboard_with_auth" time="0.315" /><testcase classname="backend.tests.test_nexo_phase1.TestMechanic" name="test_mechanic_os_requires_auth" time="0.137" /><testcase classname="backend.tests.test_nexo_phase1.TestMechanic" name="test_mechanic_os_list" time="0.335" /><testcase classname="backend.tests.test_nexo_phase1.TestMechanic" name="test_create_mechanic_os" time="0.352" /><testcase classname="backend.tests.test_nexo_phase1.TestBakery" name="test_bakery_products_requires_auth" time="0.155" /><testcase classname="backend.tests.test_nexo_phase1.TestBakery" name="test_bakery_products_list" time="0.343" /><testcase classname="backend.tests.test_nexo_phase1.TestAesthetics" name="test_aesthetics_requires_auth" time="0.156" /><testcase classname="backend.tests.test_nexo_phase1.TestAesthetics" name="test_aesthetics_appointments_list" time="0.329" /><testcase classname="backend.tests.test_nexo_phase1.TestAI" name="test_ai_suggestions_requires_auth" time="0.135" /><testcase classname="backend.tests.test_nexo_phase1.TestAI" name="test_ai_suggestions_list" time="0.325" /><testcase classname="backend.tests.test_nexo_phase1.TestLogistics" name="test_logistics_requires_auth" time="0.127" /><testcase classname="backend.tests.test_nexo_phase1.TestLogistics" name="test_logistics_no_contract" time="0.337" /><testcase classname="backend.tests.test_nexo_phase1.TestProtectedEndpoints" name="test_protected_endpoint_requires_auth[/api/v1/dashboard/stats-GET]" time="0.168" /><testcase classname="backend.tests.test_nexo_phase1.TestProtectedEndpoints" name="test_protected_endpoint_requires_auth[/api/v1/mechanic/os-GET]" time="0.184" /><testcase classname="backend.tests.test_nexo_phase1.TestProtectedEndpoints" name="test_protected_endpoint_requires_auth[/api/v1/bakery/products-GET]" time="0.135" /><testcase classname="backend.tests.test_nexo_phase1.TestProtectedEndpoints" name="test_protected_endpoint_requires_auth[/api/v1/aesthetics/appointments-GET]" time="0.118" /><testcase classname="backend.tests.test_nexo_phase1.TestProtectedEndpoints" name="test_protected_endpoint_requires_auth[/api/v1/ai/suggestions-GET]" time="0.139" /><testcase classname="backend.tests.test_nexo_phase1.TestTaxEngineTransition" name="test_transition_factor_2026" time="0.137" /></testsuite></testsuites>