<?xml version="1.0" encoding="utf-8"?><testsuites name="pytest tests"><testsuite name="pytest" errors="0" failures="0" skipped="0" tests="25" time="5.447" timestamp="2026-03-20T02:02:57.972613+00:00" hostname="agent-env-9de58f70-433b-40d8-b73b-57e56bde4876"><testcase classname="backend.tests.test_nexo_phase3.TestHealthCheck" name="test_health_endpoint" time="0.166" /><testcase classname="backend.tests.test_nexo_phase3.TestAdminPlansAPI" name="test_get_all_plans_admin" time="0.326" /><testcase classname="backend.tests.test_nexo_phase3.TestAdminPlansAPI" name="test_plans_have_required_fields" time="0.138" /><testcase classname="backend.tests.test_nexo_phase3.TestAdminPlansAPI" name="test_update_plan_price" time="0.265" /><testcase classname="backend.tests.test_nexo_phase3.TestAdminPlansAPI" name="test_update_plan_verify_persistence" time="0.415" /><testcase classname="backend.tests.test_nexo_phase3.TestAdminPlansAPI" name="test_update_plan_without_code_fails" time="0.136" /><testcase classname="backend.tests.test_nexo_phase3.TestExpenseListAPI" name="test_list_expenses" time="0.135" /><testcase classname="backend.tests.test_nexo_phase3.TestExpenseListAPI" name="test_expense_snake_case_keys" time="0.191" /><testcase classname="backend.tests.test_nexo_phase3.TestExpenseDetailAPI" name="test_get_expense_by_id" time="0.140" /><testcase classname="backend.tests.test_nexo_phase3.TestExpenseDetailAPI" name="test_get_expense_not_found" time="0.146" /><testcase classname="backend.tests.test_nexo_phase3.TestExpenseCategoriesAPI" name="test_get_categories" time="0.129" /><testcase classname="backend.tests.test_nexo_phase3.TestExpenseSummaryAPI" name="test_get_summary" time="0.133" /><testcase classname="backend.tests.test_nexo_phase3.TestTaxReportAPI" name="test_get_tax_report" time="0.120" /><testcase classname="backend.tests.test_nexo_phase3.TestParseQRCodeAPI" name="test_parse_nfce_qr" time="0.140" /><testcase classname="backend.tests.test_nexo_phase3.TestParseQRCodeAPI" name="test_parse_invalid_qr" time="0.118" /><testcase classname="backend.tests.test_nexo_phase3.TestParseQRCodeAPI" name="test_parse_pix_qr" time="0.140" /><testcase classname="backend.tests.test_nexo_phase3.TestScanQRCodeAPI" name="test_scan_qr_sefaz_attempt" time="1.320" /><testcase classname="backend.tests.test_nexo_phase3.TestScanQRCodeAPI" name="test_scan_duplicate_expense" time="0.127" /><testcase classname="backend.tests.test_nexo_phase3.TestAuthRequired" name="test_admin_plans_requires_auth" time="0.151" /><testcase classname="backend.tests.test_nexo_phase3.TestAuthRequired" name="test_expenses_requires_auth" time="0.128" /><testcase classname="backend.tests.test_nexo_phase3.TestAuthRequired" name="test_expense_categories_requires_auth" time="0.123" /><testcase classname="backend.tests.test_nexo_phase3.TestPreviousFeaturesStillWork" name="test_login_still_works" time="0.203" /><testcase classname="backend.tests.test_nexo_phase3.TestPreviousFeaturesStillWork" name="test_dashboard_stats_still_work" time="0.178" /><testcase classname="backend.tests.test_nexo_phase3.TestPreviousFeaturesStillWork" name="test_billing_subscription_still_works" time="0.149" /><testcase classname="backend.tests.test_nexo_phase3.TestPreviousFeaturesStillWork" name="test_public_plans_still_work" time="0.131" /></testsuite></testsuites>