<?xml version="1.0" encoding="utf-8"?><testsuites name="pytest tests"><testsuite name="pytest" errors="0" failures="0" skipped="0" tests="18" time="1.873" timestamp="2026-03-19T23:43:49.482023+00:00" hostname="agent-env-e3598b86-e5c3-4199-bdd0-c0d493767388"><testcase classname="backend.tests.test_nexo_api.TestHealth" name="test_health_returns_ok" time="0.217" /><testcase classname="backend.tests.test_nexo_api.TestAuth" name="test_login_success" time="0.130" /><testcase classname="backend.tests.test_nexo_api.TestAuth" name="test_login_invalid_tenant" time="0.068" /><testcase classname="backend.tests.test_nexo_api.TestAuth" name="test_login_invalid_password" time="0.140" /><testcase classname="backend.tests.test_nexo_api.TestAuth" name="test_login_missing_fields" time="0.070" /><testcase classname="backend.tests.test_nexo_api.TestTaxEngine" name="test_cesta_basica_zero_tax" time="0.206" /><testcase classname="backend.tests.test_nexo_api.TestTaxEngine" name="test_aliquota_padrao" time="0.063" /><testcase classname="backend.tests.test_nexo_api.TestTaxEngine" name="test_imposto_seletivo" time="0.066" /><testcase classname="backend.tests.test_nexo_api.TestTaxEngine" name="test_reducao_60_percent" time="0.066" /><testcase classname="backend.tests.test_nexo_api.TestTaxEngine" name="test_transicao_2026_factor" time="0.070" /><testcase classname="backend.tests.test_nexo_api.TestTaxEngine" name="test_cashback_credit_entry_positive" time="0.074" /><testcase classname="backend.tests.test_nexo_api.TestTaxEngine" name="test_cashback_debit_exit_negative" time="0.070" /><testcase classname="backend.tests.test_nexo_api.TestTaxEngine" name="test_ncm_validation_invalid_length" time="0.063" /><testcase classname="backend.tests.test_nexo_api.TestTaxEngine" name="test_ncm_validation_non_numeric" time="0.066" /><testcase classname="backend.tests.test_nexo_api.TestTaxEngine" name="test_tax_requires_auth" time="0.165" /><testcase classname="backend.tests.test_nexo_api.TestMechanicOS" name="test_create_os" time="0.066" /><testcase classname="backend.tests.test_nexo_api.TestMechanicOS" name="test_list_open_os" time="0.064" /><testcase classname="backend.tests.test_nexo_api.TestMechanicOS" name="test_create_and_get_os" time="0.143" /></testsuite></testsuites>