<?xml version="1.0" encoding="utf-8"?><testsuites name="pytest tests"><testsuite name="pytest" errors="0" failures="0" skipped="0" tests="24" time="4.583" timestamp="2026-03-20T00:56:54.354998+00:00" hostname="agent-env-9de58f70-433b-40d8-b73b-57e56bde4876"><testcase classname="backend.tests.test_nexo_phase2.TestPublicBillingEndpoints" name="test_get_billing_plans_returns_5_plans" time="0.158" /><testcase classname="backend.tests.test_nexo_phase2.TestPublicBillingEndpoints" name="test_billing_plans_have_correct_pricing" time="0.150" /><testcase classname="backend.tests.test_nexo_phase2.TestPublicBillingEndpoints" name="test_validate_coupon_nexo20_returns_20_percent_discount" time="0.138" /><testcase classname="backend.tests.test_nexo_phase2.TestPublicBillingEndpoints" name="test_validate_coupon_primeiro_returns_100_percent" time="0.140" /><testcase classname="backend.tests.test_nexo_phase2.TestPublicBillingEndpoints" name="test_validate_coupon_invalid_returns_error" time="0.445" /><testcase classname="backend.tests.test_nexo_phase2.TestTrialVerificationEndpoints" name="test_start_verification_returns_whatsapp_url" time="0.137" /><testcase classname="backend.tests.test_nexo_phase2.TestTrialVerificationEndpoints" name="test_start_verification_requires_phone" time="0.134" /><testcase classname="backend.tests.test_nexo_phase2.TestTrialVerificationEndpoints" name="test_verify_code_with_invalid_code" time="0.142" /><testcase classname="backend.tests.test_nexo_phase2.TestAuthenticatedBillingEndpoints" name="test_get_subscription_returns_pro_trial" time="0.334" /><testcase classname="backend.tests.test_nexo_phase2.TestAuthenticatedBillingEndpoints" name="test_get_subscription_includes_usage_data" time="0.128" /><testcase classname="backend.tests.test_nexo_phase2.TestAuthenticatedBillingEndpoints" name="test_get_usage_returns_usage_status" time="0.134" /><testcase classname="backend.tests.test_nexo_phase2.TestAuthenticatedBillingEndpoints" name="test_subscription_requires_auth" time="0.165" /><testcase classname="backend.tests.test_nexo_phase2.TestAuthenticatedBillingEndpoints" name="test_convert_trial_works" time="0.130" /><testcase classname="backend.tests.test_nexo_phase2.TestAuthenticatedBillingEndpoints" name="test_change_plan_works" time="0.171" /><testcase classname="backend.tests.test_nexo_phase2.TestOnboardingEndpoints" name="test_get_onboarding_steps_for_mechanic" time="0.315" /><testcase classname="backend.tests.test_nexo_phase2.TestOnboardingEndpoints" name="test_get_onboarding_progress_returns_40_percent" time="0.143" /><testcase classname="backend.tests.test_nexo_phase2.TestOnboardingEndpoints" name="test_complete_onboarding_step" time="0.135" /><testcase classname="backend.tests.test_nexo_phase2.TestOnboardingEndpoints" name="test_skip_onboarding" time="0.124" /><testcase classname="backend.tests.test_nexo_phase2.TestOnboardingEndpoints" name="test_onboarding_requires_auth" time="0.128" /><testcase classname="backend.tests.test_nexo_phase2.TestJourneyTrackingEndpoints" name="test_track_event" time="0.319" /><testcase classname="backend.tests.test_nexo_phase2.TestJourneyTrackingEndpoints" name="test_get_funnel_analytics" time="0.134" /><testcase classname="backend.tests.test_nexo_phase2.TestJourneyTrackingEndpoints" name="test_tracking_requires_auth" time="0.170" /><testcase classname="backend.tests.test_nexo_phase2.TestLoginFlowStillWorks" name="test_login_with_demo_credentials" time="0.187" /><testcase classname="backend.tests.test_nexo_phase2.TestLoginFlowStillWorks" name="test_dashboard_still_loads" time="0.322" /></testsuite></testsuites>